2025-09-03 10:53:15.944 [INF] BRNT: Handshake complete - Session keys derived for initiator:
2025-09-03 10:53:15.944 [INF] BRNT:   Chaining key: f20aaf8d5d41d33b5027dd221fa328e984e5f9e0ddd90e9d64231bfeb40482a5
2025-09-03 10:53:15.944 [INF] BRNT:   Send cipher key: cd062af97be964291039d930f384c7ad501b9cd3833f68e05722beff2933a885
2025-09-03 10:53:15.944 [INF] BRNT:   Recv cipher key: 0dec7521c292ec4039f5ffe3380faddbdbc6f7fcec304b24b5f0825cac544391
2025-09-03 10:53:15.944 [INF] BRNT:   Send cipher salt: f20aaf8d5d41d33b5027dd221fa328e984e5f9e0ddd90e9d64231bfeb40482a5
2025-09-03 10:53:15.945 [INF] BRNT:   Recv cipher salt: f20aaf8d5d41d33b5027dd221fa328e984e5f9e0ddd90e9d64231bfeb40482a5




2025-09-03 10:55:15.223 [INF] BRNT:    Key: 0dec7521c292ec4039f5ffe3380faddbdbc6f7fcec304b24b5f0825cac544391

2025-09-03 10:55:15.224 [INF] BRNT:    Salt: f20aaf8d5d41d33b5027dd221fa328e984e5f9e0ddd90e9d64231bfeb40482a5

2025-09-03 10:55:15.224 [INF] BRNT:    Ciphertext (18 bytes): 2326c006ff0257ac53aaf7c8bc4b708ae723

2025-09-03 10:55:15.224 [INF] BRNT:    Nonce bytes: 000000003600000000000000

2025-09-03 10:55:15.224 [INF] BRNT: 🔓 DECRYPT - POST STATE:

2025-09-03 10:55:15.225 [INF] BRNT:    Plaintext (2 bytes): 0063

2025-09-03 10:55:15.225 [INF] BRNT:    About to increment nonce from 54 to 55

2025-09-03 10:55:15.225 [INF] BRNT: 🔓 DECRYPT - PRE STATE:

2025-09-03 10:55:15.225 [INF] BRNT:    Nonce: 55

2025-09-03 10:55:15.226 [INF] BRNT:    Key: 0dec7521c292ec4039f5ffe3380faddbdbc6f7fcec304b24b5f0825cac544391

2025-09-03 10:55:15.226 [INF] BRNT:    Salt: f20aaf8d5d41d33b5027dd221fa328e984e5f9e0ddd90e9d64231bfeb40482a5

2025-09-03 10:55:15.226 [INF] BRNT:    Ciphertext (115 bytes): ce6ae67d2d954699bbc59c135e246a5f82871a834f5070c50c15ae0a464bc343067237927bf3b99941e493913f81c91c0553572227c5de5c18add58d1fcfe50fe64ce67cabac9bf50acfa548bba78a00b2dafed72889958d2c40d22bcac14db015dd80f3d8658ed49887a569fbec313c8ce70b

2025-09-03 10:55:15.226 [INF] BRNT:    Nonce bytes: 000000003700000000000000

2025-09-03 10:55:15.227 [INF] BRNT: 🔓 DECRYPT - POST STATE:

2025-09-03 10:55:15.227 [INF] BRNT:    Plaintext (99 bytes): 0085ce58b2a9f0f2a4c0385cbbe44549a50c02de03bdbffb34b577ca2e67903f9ea58dded1b4588706233535f8d2abc89c9344c573b0a24cad45fc82cf85900c77150245b16f8ef569c381d7e00a1a09cf93b8127b94e20c8c8519cb3167b9d8feea18

2025-09-03 10:55:15.227 [INF] BRNT:    About to increment nonce from 55 to 56